<?xml version="1.0" encoding="UTF-8"?>
<!-- Generated by org.testng.reporters.JUnitReportReporter -->
<testsuite hostname="tester-VirtualBox" name="tests.Scenario2" tests="3" failures="0" timestamp="7 Mar 2021 18:14:02 GMT" time="33.198" errors="0">
  <testcase name="loginAdmin" time="1.542" classname="tests.Scenario2"/>
  <testcase name="addStudents" time="20.037" classname="tests.Scenario2"/>
  <testcase name="deleteAllAddedStudents" time="11.619" classname="tests.Scenario2"/>
</testsuite> <!-- tests.Scenario2 -->
