<?xml version="1.0" encoding="UTF-8"?>
<!-- Generated by org.testng.reporters.JUnitReportReporter -->
<testsuite hostname="tester-VirtualBox" name="tests.TestResetPassword" tests="8" failures="0" timestamp="9 Mar 2021 20:15:19 GMT" time="5.075" errors="0">
  <testcase name="invalidEmail" time="0.465" classname="tests.TestResetPassword"/>
  <testcase name="toShortEmail" time="0.423" classname="tests.TestResetPassword"/>
  <testcase name="toShortEmail" time="0.398" classname="tests.TestResetPassword"/>
  <testcase name="invalidEmail" time="0.521" classname="tests.TestResetPassword"/>
  <testcase name="clearEmail" time="1.753" classname="tests.TestResetPassword"/>
  <testcase name="toShortEmail" time="0.392" classname="tests.TestResetPassword"/>
  <testcase name="toShortEmail" time="0.404" classname="tests.TestResetPassword"/>
  <testcase name="pozitivanTest" time="0.719" classname="tests.TestResetPassword"/>
</testsuite> <!-- tests.TestResetPassword -->
