<?xml version="1.0" encoding="UTF-8"?>
<!-- Generated by org.testng.reporters.JUnitReportReporter -->
<testsuite hostname="tester-VirtualBox" name="tests.Scenario1" tests="4" failures="0" timestamp="6 Mar 2021 16:40:54 GMT" time="8.941" errors="0">
  <testcase name="userEdit" time="3.755" classname="tests.Scenario1"/>
  <testcase name="signInFromReg" time="1.449" classname="tests.Scenario1"/>
  <testcase name="registNewUser" time="1.885" classname="tests.Scenario1"/>
  <testcase name="checkChanges" time="1.852" classname="tests.Scenario1"/>
</testsuite> <!-- tests.Scenario1 -->
