<?xml version="1.0" encoding="UTF-8"?>
<!-- Generated by org.testng.reporters.JUnitReportReporter -->
<testsuite hostname="tester-VirtualBox" name="tests.AddMultipleNastavniks" tests="2" failures="0" timestamp="9 Mar 2021 23:00:27 GMT" time="46.863" errors="0">
  <testcase name="addMoreThanOneNastavnik" time="30.424" classname="tests.AddMultipleNastavniks"/>
  <testcase name="deleteMoreThanOneNastavnik" time="16.439" classname="tests.AddMultipleNastavniks"/>
</testsuite> <!-- tests.AddMultipleNastavniks -->
