<?xml version="1.0" encoding="UTF-8"?>
<!-- Generated by org.testng.reporters.JUnitReportReporter -->
<testsuite hostname="tester-VirtualBox" name="tests.NewTest" tests="2" failures="0" timestamp="9 Mar 2021 16:24:12 GMT" time="51.273" errors="0">
  <testcase name="addMoreThanOneNastavnik" time="31.407" classname="tests.NewTest"/>
  <testcase name="deleteMoreThanOneNastavnik" time="19.866" classname="tests.NewTest"/>
</testsuite> <!-- tests.NewTest -->
